<?xml version="1.0" encoding="UTF-8"?>
<!-- Generated by org.testng.reporters.JUnitReportReporter -->
<testsuite hostname="DESKTOP-THAGV6C" failures="0" tests="1" name="com.qa.testscripts.FirstNaukri" time="50.043" errors="0" timestamp="2021-09-21T18:25:58 IST" skipped="0">
  <testcase classname="com.qa.testscripts.FirstNaukri" name="Login" time="50.043"/>
  <system-out>
course is matched  </system-out>
</testsuite> <!-- com.qa.testscripts.FirstNaukri -->
