<?xml version="1.0" encoding="UTF-8"?>
<!-- Generated by org.testng.reporters.JUnitReportReporter -->
<testsuite skipped="0" hostname="DESKTOP-THAGV6C" name="com.qa.testscripts.FirstNaukri" tests="1" failures="0" timestamp="2021-09-21T23:18:26 IST" time="56.700" errors="0">
  <testcase name="Login" time="56.700" classname="com.qa.testscripts.FirstNaukri"/>
  <system-out>
course is matched  </system-out>
</testsuite> <!-- com.qa.testscripts.FirstNaukri -->
